<?xml version="1.0" encoding="UTF-8"?>
<!-- Generated by org.testng.reporters.JUnitXMLReporter -->
<testsuite ignored="0" hostname="Aishwarya" failures="0" tests="4" name="Test" time="9.757" errors="0" timestamp="2024-09-27T05:01:51 IST">
  <testcase classname="testSoap.TestRunner2" name="test" time="5.39"/>
  <testcase classname="testSoap.TestRunner" name="test" time="1.195"/>
  <testcase classname="testRestAPI.TestRunner2" name="test" time="2.194"/>
  <testcase classname="testRestAPI.TestRunner" name="test" time="0.926"/>
</testsuite> <!-- Test -->
