<?xml version="1.0" encoding="UTF-8"?>
<testng-results ignored="0" total="4" passed="4" failed="0" skipped="0">
  <reporter-output>
  </reporter-output>
  <suite started-at="2024-09-27T05:01:41 IST" name="Suite" finished-at="2024-09-27T05:01:51 IST" duration-ms="9757">
    <groups>
    </groups>
    <test started-at="2024-09-27T05:01:41 IST" name="Test" finished-at="2024-09-27T05:01:51 IST" duration-ms="9757">
      <class name="testSoap.TestRunner">
        <test-method signature="test()[pri:0, instance:testSoap.TestRunner@28194a50]" started-at="2024-09-27T05:01:46 IST" name="test" finished-at="2024-09-27T05:01:47 IST" duration-ms="1195" status="PASS">
          <reporter-output>
          </reporter-output>
        </test-method> <!-- test -->
      </class> <!-- testSoap.TestRunner -->
      <class name="testSoap.TestRunner2">
        <test-method signature="test()[pri:0, instance:testSoap.TestRunner2@6cc4cdb9]" started-at="2024-09-27T05:01:41 IST" name="test" finished-at="2024-09-27T05:01:46 IST" duration-ms="5390" status="PASS">
          <reporter-output>
          </reporter-output>
        </test-method> <!-- test -->
      </class> <!-- testSoap.TestRunner2 -->
      <class name="testRestAPI.TestRunner2">
        <test-method signature="test()[pri:0, instance:testRestAPI.TestRunner2@7f2cfe3f]" started-at="2024-09-27T05:01:47 IST" name="test" finished-at="2024-09-27T05:01:50 IST" duration-ms="2194" status="PASS">
          <reporter-output>
          </reporter-output>
        </test-method> <!-- test -->
      </class> <!-- testRestAPI.TestRunner2 -->
      <class name="testRestAPI.TestRunner">
        <test-method signature="test()[pri:0, instance:testRestAPI.TestRunner@1a5b6f42]" started-at="2024-09-27T05:01:50 IST" name="test" finished-at="2024-09-27T05:01:51 IST" duration-ms="926" status="PASS">
          <reporter-output>
          </reporter-output>
        </test-method> <!-- test -->
      </class> <!-- testRestAPI.TestRunner -->
    </test> <!-- Test -->
  </suite> <!-- Suite -->
</testng-results>
