<?xml version="1.0" encoding="UTF-8"?>
<testng-results ignored="0" total="1" passed="1" failed="0" skipped="0">
  <reporter-output>
  </reporter-output>
  <suite started-at="2024-09-27T05:15:36 IST" name="Default suite" finished-at="2024-09-27T05:15:41 IST" duration-ms="4583">
    <groups>
    </groups>
    <test started-at="2024-09-27T05:15:36 IST" name="Default test" finished-at="2024-09-27T05:15:41 IST" duration-ms="4583">
      <class name="soap.TestRunner2">
        <test-method signature="test()[pri:0, instance:soap.TestRunner2@50029372]" started-at="2024-09-27T05:15:36 IST" name="test" finished-at="2024-09-27T05:15:41 IST" duration-ms="4554" status="PASS">
          <reporter-output>
          </reporter-output>
        </test-method> <!-- test -->
      </class> <!-- soap.TestRunner2 -->
    </test> <!-- Default test -->
  </suite> <!-- Default suite -->
</testng-results>
